0 info it worked if it ends with ok
1 verbose cli [ '/usr/local/Cellar/node/6.3.0/bin/node',
1 verbose cli   '/usr/local/bin/npm',
1 verbose cli   'publish' ]
2 info using npm@3.10.3
3 info using node@v6.3.0
4 verbose publish [ '.' ]
5 silly cache add args [ '.', null ]
6 verbose cache add spec .
7 silly cache add parsed spec Result {
7 silly cache add   raw: '.',
7 silly cache add   scope: null,
7 silly cache add   escapedName: null,
7 silly cache add   name: null,
7 silly cache add   rawSpec: '.',
7 silly cache add   spec: '/Users/rjkelly/Desktop/Bootcamp/Week11/Homework11/Week11-Hangman',
7 silly cache add   type: 'directory' }
8 verbose addLocalDirectory /Users/rjkelly/.npm/week11-hangman/1.0.0/package.tgz not in flight; packing
9 verbose correctMkdir /Users/rjkelly/.npm correctMkdir not in flight; initializing
10 info lifecycle week11-hangman@1.0.0~prepublish: week11-hangman@1.0.0
11 silly lifecycle week11-hangman@1.0.0~prepublish: no script for prepublish, continuing
12 verbose tar pack [ '/Users/rjkelly/.npm/week11-hangman/1.0.0/package.tgz',
12 verbose tar pack   '/Users/rjkelly/Desktop/Bootcamp/Week11/Homework11/Week11-Hangman' ]
13 verbose tarball /Users/rjkelly/.npm/week11-hangman/1.0.0/package.tgz
14 verbose folder /Users/rjkelly/Desktop/Bootcamp/Week11/Homework11/Week11-Hangman
15 verbose addLocalTarball adding from inside cache /Users/rjkelly/.npm/week11-hangman/1.0.0/package.tgz
16 verbose correctMkdir /Users/rjkelly/.npm correctMkdir not in flight; initializing
17 silly cache afterAdd week11-hangman@1.0.0
18 verbose afterAdd /Users/rjkelly/.npm/week11-hangman/1.0.0/package/package.json not in flight; writing
19 verbose correctMkdir /Users/rjkelly/.npm correctMkdir not in flight; initializing
20 verbose afterAdd /Users/rjkelly/.npm/week11-hangman/1.0.0/package/package.json written
21 silly publish { name: 'week11-hangman',
21 silly publish   version: '1.0.0',
21 silly publish   description: 'Hangman game will run entirely with Node.js.',
21 silly publish   main: 'main.js',
21 silly publish   dependencies: { inquirer: '^1.2.2' },
21 silly publish   devDependencies: {},
21 silly publish   scripts: { test: 'echo "Error: no test specified" && exit 1' },
21 silly publish   repository:
21 silly publish    { type: 'git',
21 silly publish      url: 'git+https://github.com/rjkinhighlands/Week11-Hangman.git' },
21 silly publish   author: { name: 'RJ Kelly' },
21 silly publish   license: 'ISC',
21 silly publish   bugs: { url: 'https://github.com/rjkinhighlands/Week11-Hangman/issues' },
21 silly publish   homepage: 'https://github.com/rjkinhighlands/Week11-Hangman#readme',
21 silly publish   readme: '# Week11-Hangman',
21 silly publish   readmeFilename: 'README.md',
21 silly publish   gitHead: '3fd4a2618e580fad00d6aa1daaef7c0ad9e86aa2',
21 silly publish   _id: 'week11-hangman@1.0.0',
21 silly publish   _shasum: 'a294f3702173c02097d844cd299e7046733ece97',
21 silly publish   _from: '.' }
22 verbose getPublishConfig undefined
23 silly mapToRegistry name week11-hangman
24 silly mapToRegistry using default registry
25 silly mapToRegistry registry https://registry.npmjs.org/
26 silly mapToRegistry data Result {
26 silly mapToRegistry   raw: 'week11-hangman',
26 silly mapToRegistry   scope: null,
26 silly mapToRegistry   escapedName: 'week11-hangman',
26 silly mapToRegistry   name: 'week11-hangman',
26 silly mapToRegistry   rawSpec: '',
26 silly mapToRegistry   spec: 'latest',
26 silly mapToRegistry   type: 'tag' }
27 silly mapToRegistry uri https://registry.npmjs.org/week11-hangman
28 verbose publish registryBase https://registry.npmjs.org/
29 silly publish uploading /Users/rjkelly/.npm/week11-hangman/1.0.0/package.tgz
30 verbose stack Error: auth required for publishing
30 verbose stack     at CachingRegistryClient.publish (/usr/local/lib/node_modules/npm/node_modules/npm-registry-client/lib/publish.js:30:14)
30 verbose stack     at /usr/local/lib/node_modules/npm/lib/publish.js:138:14
30 verbose stack     at mapToRegistry (/usr/local/lib/node_modules/npm/lib/utils/map-to-registry.js:62:3)
30 verbose stack     at publish_ (/usr/local/lib/node_modules/npm/lib/publish.js:107:3)
30 verbose stack     at Array.<anonymous> (/usr/local/lib/node_modules/npm/node_modules/slide/lib/bind-actor.js:15:8)
30 verbose stack     at LOOP (/usr/local/lib/node_modules/npm/node_modules/slide/lib/chain.js:15:14)
30 verbose stack     at LOOP (/usr/local/lib/node_modules/npm/node_modules/slide/lib/chain.js:14:28)
30 verbose stack     at chain (/usr/local/lib/node_modules/npm/node_modules/slide/lib/chain.js:20:5)
30 verbose stack     at /usr/local/lib/node_modules/npm/lib/publish.js:73:5
30 verbose stack     at RES (/usr/local/lib/node_modules/npm/node_modules/inflight/inflight.js:23:14)
31 verbose cwd /Users/rjkelly/Desktop/Bootcamp/Week11/Homework11/Week11-Hangman
32 error Darwin 15.6.0
33 error argv "/usr/local/Cellar/node/6.3.0/bin/node" "/usr/local/bin/npm" "publish"
34 error node v6.3.0
35 error npm  v3.10.3
36 error code ENEEDAUTH
37 error need auth auth required for publishing
38 error need auth You need to authorize this machine using `npm adduser`
39 verbose exit [ 1, true ]
